INFO
CREATING DATABASE...

CREATING TABLE...
TABLE CREATED:
Usuario
TABLE CREATED:
Curso
TABLE CREATED:
Disciplina
TABLE CREATED:
Turma
TABLE CREATED:
Matricula
TABLE CREATED:
TabelaAlteracoes
TABLE CREATED:
Turno
TABLE CREATED:
Horario
TABLE CREATED:
TipoUsuario
TABLE CREATED:
CursoDisciplina

DONE!

CREATEING VIEWS...

DONE!

CREATEING PROCS...

DONE!

CREATEING TRIGGERS...

DONE!

LOADING DATA...
RECORDS INSERTED ON TABLE Curso:
3
RECORDS INSERTED ON TABLE Disciplina:
36
RECORDS INSERTED ON TABLE Turno:
3
RECORDS INSERTED ON TABLE Disciplina:
5
RECORDS INSERTED ON TABLE DisciplinaPreRequisitos:
28
RECORDS INSERTED ON TABLE CursoDisciplina:
36
RECORDS INSERTED ON TABLE TipoUsuario:
6
RECORDS INSERTED ON TABLE Usuario:
48
RECORDS INSERTED ON TABLE AlunoCurso:
31
RECORDS INSERTED ON TABLE Turma:
29
RECORDS INSERTED ON TABLE Disciplina:
29
RECORDS INSERTED ON TABLE ProfessorTurma:
56
RECORDS INSERTED ON TABLE Matricula:
402
RECORDS INSERTED ON TABLE DisciplinaConcluida:
392

DONE!
